Using pre-set license
Built from '2020.2/release' branch; Version is '2020.2.1f1 (270dd8c3da1c) revision 2559448'; Using compiler version '192528614'; Build Type 'Release'
OS: 'Windows 10  (10.0.0) 64bit' Language: 'it' Physical Memory: 16227 MB
BatchMode: 1, IsHumanControllingUs: 0, StartBugReporterOnCrash: 0, Is64bit: 1, IsPro: 0

 COMMAND LINE ARGUMENTS:
D:\UNITY\2020.2.1f1\Editor\Unity.exe
-adb2
-batchMode
-noUpm
-name
AssetImportWorker0
-projectPath
C:/Users/david/Documents/GitHub/GGJ/GGJ
-logFile
Logs/AssetImportWorker0.log
-srvPort
53957
Successfully changed project path to: C:/Users/david/Documents/GitHub/GGJ/GGJ
C:/Users/david/Documents/GitHub/GGJ/GGJ
Using Asset Import Pipeline V2.
Refreshing native plugins compatible for Editor in 30.90 ms, found 0 plugins.
Preloading 0 native plugins for Editor in 0.00 ms.
Initialize engine version: 2020.2.1f1 (270dd8c3da1c)
[Subsystems] Discovering subsystems at path D:/UNITY/2020.2.1f1/Editor/Data/Resources/UnitySubsystems
[Subsystems] Discovering subsystems at path C:/Users/david/Documents/GitHub/GGJ/GGJ/Assets
GfxDevice: creating device client; threaded=0
Direct3D:
    Version:  Direct3D 11.0 [level 11.1]
    Renderer: NVIDIA GeForce RTX 2060 (ID=0x1f11)
    Vendor:   
    VRAM:     5980 MB
    Driver:   25.21.14.2531
Initialize mono
Mono path[0] = 'D:/UNITY/2020.2.1f1/Editor/Data/Managed'
Mono path[1] = 'D:/UNITY/2020.2.1f1/Editor/Data/MonoBleedingEdge/lib/mono/unityjit'
Mono config path = 'D:/UNITY/2020.2.1f1/Editor/Data/MonoBleedingEdge/etc'
Using monoOptions --debugger-agent=transport=dt_socket,embedding=1,server=y,suspend=n,address=127.0.0.1:56928
Begin MonoManager ReloadAssembly
Registering precompiled unity dll's ...
Register platform support module: D:/UNITY/2020.2.1f1/Editor/Data/PlaybackEngines/MacStandaloneSupport/UnityEditor.OSXStandalone.Extensions.dll
Register platform support module: D:/UNITY/2020.2.1f1/Editor/Data/PlaybackEngines/WindowsStandaloneSupport/UnityEditor.WindowsStandalone.Extensions.dll
Registered in 0.001036 seconds.
Native extension for WindowsStandalone target not found
Native extension for OSXStandalone target not found
Refreshing native plugins compatible for Editor in 28.68 ms, found 0 plugins.
Preloading 0 native plugins for Editor in 0.00 ms.
Invoked RoslynAnalysisRunner static constructor.
RoslynAnalysisRunner will not be running.
RoslynAnalysisRunner has terminated.
Mono: successfully reloaded assembly
- Completed reload, in  1.416 seconds
Platform modules already initialized, skipping
Registering precompiled user dll's ...
Registered in 0.000768 seconds.
Begin MonoManager ReloadAssembly
Native extension for WindowsStandalone target not found
Native extension for OSXStandalone target not found
Refreshing native plugins compatible for Editor in 0.26 ms, found 0 plugins.
Preloading 0 native plugins for Editor in 0.00 ms.
Invoked RoslynAnalysisRunner static constructor.
RoslynAnalysisRunner will not be running.
RoslynAnalysisRunner has terminated.
Mono: successfully reloaded assembly
- Completed reload, in  0.949 seconds
Platform modules already initialized, skipping
========================================================================
Worker process is ready to serve import requests
Launched and connected shader compiler UnityShaderCompiler.exe after 0.05 seconds
Refreshing native plugins compatible for Editor in 0.40 ms, found 0 plugins.
Preloading 0 native plugins for Editor in 0.00 ms.
Unloading 1608 Unused Serialized files (Serialized files now loaded: 0)
System memory in use before: 76.4 MB.
System memory in use after: 76.5 MB.

Unloading 103 unused Assets to reduce memory usage. Loaded Objects now: 2042.
Total: 2.036000 ms (FindLiveObjects: 0.156100 ms CreateObjectMapping: 0.043500 ms MarkObjects: 1.660400 ms  DeleteObjects: 0.174500 ms)

========================================================================
Received Import Request.
  path: Assets/Scenes
  artifactKey: Guid(a462477d186d8554384f2362e5cce984) Importer(815301076,1909f56bfc062723c751e8b465ee728b)
Start importing Assets/Scenes using Guid(a462477d186d8554384f2362e5cce984) Importer(815301076,1909f56bfc062723c751e8b465ee728b)  -> (artifact id: '3834c34ae8ea0610c43af4a0e42ecef6') in 0.003929 seconds
  Import took 0.005993 seconds .

========================================================================
Received Import Request.
  Time since last request: 0.000263 seconds.
  path: Assets/Scenes/SampleScene.unity
  artifactKey: Guid(9fc0d4010bbf28b4594072e72b8655ab) Importer(815301076,1909f56bfc062723c751e8b465ee728b)
Start importing Assets/Scenes/SampleScene.unity using Guid(9fc0d4010bbf28b4594072e72b8655ab) Importer(815301076,1909f56bfc062723c751e8b465ee728b)  -> (artifact id: '016640421bf54ce873cbc7b610fdb87c') in 0.003555 seconds
  Import took 0.005532 seconds .

========================================================================
Received Import Request.
  Time since last request: 5.107382 seconds.
  path: Assets/Scenes/Bolt
  artifactKey: Guid(ddd056095c1f88c40a2cb9939fabcc7b) Importer(815301076,1909f56bfc062723c751e8b465ee728b)
Start importing Assets/Scenes/Bolt using Guid(ddd056095c1f88c40a2cb9939fabcc7b) Importer(815301076,1909f56bfc062723c751e8b465ee728b)  -> (artifact id: 'fe88701756fa39d9672e6ce5d09dd29d') in 0.002487 seconds
  Import took 0.004810 seconds .

========================================================================
Received Prepare
Registering precompiled user dll's ...
Registered in 0.007288 seconds.
Begin MonoManager ReloadAssembly
Native extension for WindowsStandalone target not found
Native extension for OSXStandalone target not found
Refreshing native plugins compatible for Editor in 0.40 ms, found 1 plugins.
Preloading 0 native plugins for Editor in 0.00 ms.
Warning: Annotation not found!
UnityEngine.StackTraceUtility:ExtractStackTrace ()
UnityEditor.ProBuilder.EditorUtility:SetGizmoIconEnabled (System.Type,bool) (at Library/PackageCache/com.unity.probuilder@4.4.0/Editor/EditorCore/EditorUtility.cs:593)
UnityEditor.ProBuilder.HierarchyListener:.cctor () (at Library/PackageCache/com.unity.probuilder@4.4.0/Editor/EditorCore/HierarchyListener.cs:21)
System.Runtime.CompilerServices.RuntimeHelpers:RunClassConstructor (System.RuntimeTypeHandle)
UnityEditor.EditorAssemblies:ProcessInitializeOnLoadAttributes (System.Type[])

[Library/PackageCache/com.unity.probuilder@4.4.0/Editor/EditorCore/EditorUtility.cs line 593]

Invoked RoslynAnalysisRunner static constructor.
RoslynAnalysisRunner will not be running.
RoslynAnalysisRunner has terminated.
Mono: successfully reloaded assembly
- Completed reload, in  0.925 seconds
Platform modules already initialized, skipping
Refreshing native plugins compatible for Editor in 0.76 ms, found 1 plugins.
Preloading 0 native plugins for Editor in 0.00 ms.
Unloading 1589 Unused Serialized files (Serialized files now loaded: 0)
System memory in use before: 76.0 MB.
System memory in use after: 76.1 MB.

Unloading 23 unused Assets to reduce memory usage. Loaded Objects now: 2080.
Total: 2.154500 ms (FindLiveObjects: 0.144900 ms CreateObjectMapping: 0.053100 ms MarkObjects: 1.880500 ms  DeleteObjects: 0.075100 ms)

========================================================================
Received Import Request.
  Time since last request: 21.204844 seconds.
  path: Assets/Scenes/Bolt/Ludiq
  artifactKey: Guid(147057cc1b7d89a4c83943be5b5fd2e9) Importer(815301076,1909f56bfc062723c751e8b465ee728b)
Start importing Assets/Scenes/Bolt/Ludiq using Guid(147057cc1b7d89a4c83943be5b5fd2e9) Importer(815301076,1909f56bfc062723c751e8b465ee728b)  -> (artifact id: '2210cfb537a073199db9d376037e128e') in 0.004742 seconds
  Import took 0.007453 seconds .

========================================================================
Received Import Request.
  Time since last request: 1.944438 seconds.
  path: Assets/Scenes/Bolt/Ludiq/Bolt
  artifactKey: Guid(613ad03e48f4e61469260be1853d09ca) Importer(815301076,1909f56bfc062723c751e8b465ee728b)
Start importing Assets/Scenes/Bolt/Ludiq/Bolt using Guid(613ad03e48f4e61469260be1853d09ca) Importer(815301076,1909f56bfc062723c751e8b465ee728b)  -> (artifact id: '7694cea7f39e015f2c1df0007fb30139') in 0.002020 seconds
  Import took 0.004553 seconds .

========================================================================
Received Import Request.
  Time since last request: 19.412540 seconds.
  path: Assets
  artifactKey: Guid(00000000000000001000000000000000) Importer(815301076,1909f56bfc062723c751e8b465ee728b)
Start importing Assets using Guid(00000000000000001000000000000000) Importer(815301076,1909f56bfc062723c751e8b465ee728b)  -> (artifact id: 'e1a2c4dac9df7c17871e19a3b74f0e9f') in 0.002595 seconds
  Import took 0.005011 seconds .

========================================================================
Received Import Request.
  Time since last request: 4.615336 seconds.
  path: Assets/New Folder
  artifactKey: Guid(1a6bdff78dfc5f74ea7030db47d04c1e) Importer(815301076,1909f56bfc062723c751e8b465ee728b)
Start importing Assets/New Folder using Guid(1a6bdff78dfc5f74ea7030db47d04c1e) Importer(815301076,1909f56bfc062723c751e8b465ee728b)  -> (artifact id: '7611cf70a52a34e38597ebae93ad8c96') in 0.003031 seconds
  Import took 0.005396 seconds .

========================================================================
Received Import Request.
  Time since last request: 9.442434 seconds.
  path: Assets/Bolt
  artifactKey: Guid(1a6bdff78dfc5f74ea7030db47d04c1e) Importer(815301076,1909f56bfc062723c751e8b465ee728b)
Start importing Assets/Bolt using Guid(1a6bdff78dfc5f74ea7030db47d04c1e) Importer(815301076,1909f56bfc062723c751e8b465ee728b)  -> (artifact id: '26de46da2fcbbfb5a019e0f8e471aca9') in 0.002140 seconds
  Import took 0.004880 seconds .

AssetImportWorkerClient::OnTransportError - code=2 error=End of file
